<?xml version="1.0" encoding="UTF-8"?>
<testng-results skipped="0" failed="0" ignored="0" total="1" passed="1">
  <reporter-output>
    <line>
      <![CDATA[clickeble locator found By.xpath: //input[@id='login-username']]]>
    </line>
    <line>
      <![CDATA[clickeble locator found By.xpath: //input[@id='login-signin']]]>
    </line>
    <line>
      <![CDATA[clickeble locator found By.xpath: //input[@id='login-passwd']]]>
    </line>
    <line>
      <![CDATA[clickeble locator found By.xpath: //button[@id='login-signin']]]>
    </line>
    <line>
      <![CDATA[<img src = "file:///Users/metu/git/SeleniumProject/SeleniumProject/ScreenShot/Yahoo-login-20201021_113023.png" alt = ""/>]]>
    </line>
  </reporter-output>
  <suite name="Default suite" duration-ms="7881" started-at="2020-10-21T15:30:16Z" finished-at="2020-10-21T15:30:24Z">
    <groups>
    </groups>
    <test name="Default test" duration-ms="7881" started-at="2020-10-21T15:30:16Z" finished-at="2020-10-21T15:30:24Z">
      <class name="com.TestCase.Login_Yahoo">
        <test-method status="PASS" signature="initiateDriver()[pri:0, instance:com.TestCase.Login_Yahoo@8909f18]" name="initiateDriver" is-config="true" duration-ms="3686" started-at="2020-10-21T15:30:16Z" finished-at="2020-10-21T15:30:20Z">
          <reporter-output>
          </reporter-output>
        </test-method> <!-- initiateDriver -->
        <test-method status="PASS" signature="loginYahoo()[pri:0, instance:com.TestCase.Login_Yahoo@8909f18]" name="loginYahoo" duration-ms="3774" started-at="2020-10-21T15:30:20Z" finished-at="2020-10-21T15:30:23Z">
          <reporter-output>
            <line>
              <![CDATA[clickeble locator found By.xpath: //input[@id='login-username']]]>
            </line>
            <line>
              <![CDATA[clickeble locator found By.xpath: //input[@id='login-signin']]]>
            </line>
            <line>
              <![CDATA[clickeble locator found By.xpath: //input[@id='login-passwd']]]>
            </line>
            <line>
              <![CDATA[clickeble locator found By.xpath: //button[@id='login-signin']]]>
            </line>
            <line>
              <![CDATA[<img src = "file:///Users/metu/git/SeleniumProject/SeleniumProject/ScreenShot/Yahoo-login-20201021_113023.png" alt = ""/>]]>
            </line>
          </reporter-output>
        </test-method> <!-- loginYahoo -->
        <test-method status="PASS" signature="closeBrowser()[pri:0, instance:com.TestCase.Login_Yahoo@8909f18]" name="closeBrowser" is-config="true" duration-ms="401" started-at="2020-10-21T15:30:23Z" finished-at="2020-10-21T15:30:24Z">
          <reporter-output>
          </reporter-output>
        </test-method> <!-- closeBrowser -->
      </class> <!-- com.TestCase.Login_Yahoo -->
    </test> <!-- Default test -->
  </suite> <!-- Default suite -->
</testng-results>
