<?xml version="1.0" encoding="UTF-8"?>
<testng-results skipped="0" failed="0" ignored="0" total="1" passed="1">
  <reporter-output>
    <line>
      <![CDATA[clickeble locator found By.xpath: //input[@id='login-username']]]>
    </line>
    <line>
      <![CDATA[clickeble locator found By.xpath: //input[@id='login-signin']]]>
    </line>
    <line>
      <![CDATA[clickeble locator found By.xpath: //input[@id='login-passwd']]]>
    </line>
    <line>
      <![CDATA[clickeble locator found By.xpath: //button[@id='login-signin']]]>
    </line>
    <line>
      <![CDATA[<img src = "file:///Users/metu/metu/development/springtools/SeleniumProject/ScreenShot/Yahoo-login20201016_184818.png" alt = ""/>]]>
    </line>
  </reporter-output>
  <suite name="Default suite" duration-ms="8993" started-at="2020-10-16T22:48:10Z" finished-at="2020-10-16T22:48:19Z">
    <groups>
    </groups>
    <test name="Default test" duration-ms="8993" started-at="2020-10-16T22:48:10Z" finished-at="2020-10-16T22:48:19Z">
      <class name="com.TestCase.Login_Yahoo">
        <test-method status="PASS" signature="initiateDriver()[pri:0, instance:com.TestCase.Login_Yahoo@8909f18]" name="initiateDriver" is-config="true" duration-ms="4372" started-at="2020-10-16T22:48:10Z" finished-at="2020-10-16T22:48:14Z">
          <reporter-output>
          </reporter-output>
        </test-method> <!-- initiateDriver -->
        <test-method status="PASS" signature="loginYahoo()[pri:0, instance:com.TestCase.Login_Yahoo@8909f18]" name="loginYahoo" duration-ms="3988" started-at="2020-10-16T22:48:14Z" finished-at="2020-10-16T22:48:18Z">
          <reporter-output>
            <line>
              <![CDATA[clickeble locator found By.xpath: //input[@id='login-username']]]>
            </line>
            <line>
              <![CDATA[clickeble locator found By.xpath: //input[@id='login-signin']]]>
            </line>
            <line>
              <![CDATA[clickeble locator found By.xpath: //input[@id='login-passwd']]]>
            </line>
            <line>
              <![CDATA[clickeble locator found By.xpath: //button[@id='login-signin']]]>
            </line>
            <line>
              <![CDATA[<img src = "file:///Users/metu/metu/development/springtools/SeleniumProject/ScreenShot/Yahoo-login20201016_184818.png" alt = ""/>]]>
            </line>
          </reporter-output>
        </test-method> <!-- loginYahoo -->
        <test-method status="PASS" signature="closeBrowser()[pri:0, instance:com.TestCase.Login_Yahoo@8909f18]" name="closeBrowser" is-config="true" duration-ms="617" started-at="2020-10-16T22:48:18Z" finished-at="2020-10-16T22:48:19Z">
          <reporter-output>
          </reporter-output>
        </test-method> <!-- closeBrowser -->
      </class> <!-- com.TestCase.Login_Yahoo -->
    </test> <!-- Default test -->
  </suite> <!-- Default suite -->
</testng-results>
